<?xml version="1.0" encoding="UTF-8"?>
<!-- Generated by org.testng.reporters.JUnitReportReporter -->
<testsuite hostname="Rashmi-PC" name="WorkFlowTestNG.Demo1" tests="1" failures="0" timestamp="14 Oct 2019 10:36:46 GMT" time="0.004" errors="0">
  <testcase name="test1" time="0.004" classname="WorkFlowTestNG.Demo1"/>
</testsuite> <!-- WorkFlowTestNG.Demo1 -->
