<?xml version="1.0" encoding="UTF-8"?>
<!-- Generated by org.testng.reporters.JUnitReportReporter -->
<testsuite hostname="Rashmi-PC" name="WorkFlowTestNG.Demo3" tests="102" failures="0" timestamp="14 Oct 2019 11:03:05 GMT" time="0.140" errors="0">
  <testcase name="test1" time="0.002" classname="WorkFlowTestNG.Demo3"/>
  <testcase name="test1" time="0.000" classname="WorkFlowTestNG.Demo3"/>
  <testcase name="test1" time="0.001" classname="WorkFlowTestNG.Demo3"/>
  <testcase name="test1" time="0.002" classname="WorkFlowTestNG.Demo3"/>
  <testcase name="test1" time="0.001" classname="WorkFlowTestNG.Demo3"/>
  <testcase name="test1" time="0.001" classname="WorkFlowTestNG.Demo3"/>
  <testcase name="test1" time="0.000" classname="WorkFlowTestNG.Demo3"/>
  <testcase name="test1" time="0.001" classname="WorkFlowTestNG.Demo3"/>
  <testcase name="test1" time="0.001" classname="WorkFlowTestNG.Demo3"/>
  <testcase name="test1" time="0.001" classname="WorkFlowTestNG.Demo3"/>
  <testcase name="test1" time="0.002" classname="WorkFlowTestNG.Demo3"/>
  <testcase name="test1" time="0.001" classname="WorkFlowTestNG.Demo3"/>
  <testcase name="test1" time="0.001" classname="WorkFlowTestNG.Demo3"/>
  <testcase name="test1" time="0.002" classname="WorkFlowTestNG.Demo3"/>
  <testcase name="test1" time="0.001" classname="WorkFlowTestNG.Demo3"/>
  <testcase name="test1" time="0.002" classname="WorkFlowTestNG.Demo3"/>
  <testcase name="test1" time="0.002" classname="WorkFlowTestNG.Demo3"/>
  <testcase name="test1" time="0.002" classname="WorkFlowTestNG.Demo3"/>
  <testcase name="test1" time="0.000" classname="WorkFlowTestNG.Demo3"/>
  <testcase name="test1" time="0.001" classname="WorkFlowTestNG.Demo3"/>
  <testcase name="test1" time="0.001" classname="WorkFlowTestNG.Demo3"/>
  <testcase name="test1" time="0.001" classname="WorkFlowTestNG.Demo3"/>
  <testcase name="test1" time="0.001" classname="WorkFlowTestNG.Demo3"/>
  <testcase name="test1" time="0.002" classname="WorkFlowTestNG.Demo3"/>
  <testcase name="test1" time="0.000" classname="WorkFlowTestNG.Demo3"/>
  <testcase name="test1" time="0.001" classname="WorkFlowTestNG.Demo3"/>
  <testcase name="test1" time="0.001" classname="WorkFlowTestNG.Demo3"/>
  <testcase name="test1" time="0.000" classname="WorkFlowTestNG.Demo3"/>
  <testcase name="test1" time="0.001" classname="WorkFlowTestNG.Demo3"/>
  <testcase name="test1" time="0.001" classname="WorkFlowTestNG.Demo3"/>
  <testcase name="test1" time="0.001" classname="WorkFlowTestNG.Demo3"/>
  <testcase name="test1" time="0.001" classname="WorkFlowTestNG.Demo3"/>
  <testcase name="test1" time="0.008" classname="WorkFlowTestNG.Demo3"/>
  <testcase name="test1" time="0.001" classname="WorkFlowTestNG.Demo3"/>
  <testcase name="test" time="0.015" classname="WorkFlowTestNG.Demo3"/>
  <testcase name="test1" time="0.001" classname="WorkFlowTestNG.Demo3"/>
  <testcase name="test1" time="0.002" classname="WorkFlowTestNG.Demo3"/>
  <testcase name="test1" time="0.001" classname="WorkFlowTestNG.Demo3"/>
  <testcase name="test1" time="0.001" classname="WorkFlowTestNG.Demo3"/>
  <testcase name="test1" time="0.001" classname="WorkFlowTestNG.Demo3"/>
  <testcase name="test1" time="0.001" classname="WorkFlowTestNG.Demo3"/>
  <testcase name="test1" time="0.001" classname="WorkFlowTestNG.Demo3"/>
  <testcase name="test1" time="0.001" classname="WorkFlowTestNG.Demo3"/>
  <testcase name="test1" time="0.001" classname="WorkFlowTestNG.Demo3"/>
  <testcase name="test3" time="0.001" classname="WorkFlowTestNG.Demo3"/>
  <testcase name="test1" time="0.000" classname="WorkFlowTestNG.Demo3"/>
  <testcase name="test1" time="0.001" classname="WorkFlowTestNG.Demo3"/>
  <testcase name="test1" time="0.014" classname="WorkFlowTestNG.Demo3"/>
  <testcase name="test1" time="0.001" classname="WorkFlowTestNG.Demo3"/>
  <testcase name="test1" time="0.001" classname="WorkFlowTestNG.Demo3"/>
  <testcase name="test1" time="0.001" classname="WorkFlowTestNG.Demo3"/>
  <testcase name="test1" time="0.001" classname="WorkFlowTestNG.Demo3"/>
  <testcase name="test1" time="0.001" classname="WorkFlowTestNG.Demo3"/>
  <testcase name="test1" time="0.000" classname="WorkFlowTestNG.Demo3"/>
  <testcase name="test1" time="0.003" classname="WorkFlowTestNG.Demo3"/>
  <testcase name="test1" time="0.001" classname="WorkFlowTestNG.Demo3"/>
  <testcase name="test1" time="0.000" classname="WorkFlowTestNG.Demo3"/>
  <testcase name="test1" time="0.000" classname="WorkFlowTestNG.Demo3"/>
  <testcase name="test1" time="0.001" classname="WorkFlowTestNG.Demo3"/>
  <testcase name="test1" time="0.001" classname="WorkFlowTestNG.Demo3"/>
  <testcase name="test1" time="0.001" classname="WorkFlowTestNG.Demo3"/>
  <testcase name="test1" time="0.000" classname="WorkFlowTestNG.Demo3"/>
  <testcase name="test1" time="0.001" classname="WorkFlowTestNG.Demo3"/>
  <testcase name="test1" time="0.001" classname="WorkFlowTestNG.Demo3"/>
  <testcase name="test1" time="0.001" classname="WorkFlowTestNG.Demo3"/>
  <testcase name="test1" time="0.006" classname="WorkFlowTestNG.Demo3"/>
  <testcase name="test1" time="0.002" classname="WorkFlowTestNG.Demo3"/>
  <testcase name="test1" time="0.001" classname="WorkFlowTestNG.Demo3"/>
  <testcase name="test1" time="0.000" classname="WorkFlowTestNG.Demo3"/>
  <testcase name="test1" time="0.000" classname="WorkFlowTestNG.Demo3"/>
  <testcase name="test1" time="0.000" classname="WorkFlowTestNG.Demo3"/>
  <testcase name="test1" time="0.000" classname="WorkFlowTestNG.Demo3"/>
  <testcase name="test1" time="0.001" classname="WorkFlowTestNG.Demo3"/>
  <testcase name="test1" time="0.001" classname="WorkFlowTestNG.Demo3"/>
  <testcase name="test1" time="0.001" classname="WorkFlowTestNG.Demo3"/>
  <testcase name="test1" time="0.001" classname="WorkFlowTestNG.Demo3"/>
  <testcase name="test1" time="0.000" classname="WorkFlowTestNG.Demo3"/>
  <testcase name="test1" time="0.002" classname="WorkFlowTestNG.Demo3"/>
  <testcase name="test1" time="0.001" classname="WorkFlowTestNG.Demo3"/>
  <testcase name="test1" time="0.001" classname="WorkFlowTestNG.Demo3"/>
  <testcase name="test1" time="0.001" classname="WorkFlowTestNG.Demo3"/>
  <testcase name="test1" time="0.001" classname="WorkFlowTestNG.Demo3"/>
  <testcase name="test1" time="0.000" classname="WorkFlowTestNG.Demo3"/>
  <testcase name="test1" time="0.000" classname="WorkFlowTestNG.Demo3"/>
  <testcase name="test1" time="0.001" classname="WorkFlowTestNG.Demo3"/>
  <testcase name="test1" time="0.001" classname="WorkFlowTestNG.Demo3"/>
  <testcase name="test1" time="0.001" classname="WorkFlowTestNG.Demo3"/>
  <testcase name="test1" time="0.000" classname="WorkFlowTestNG.Demo3"/>
  <testcase name="test1" time="0.000" classname="WorkFlowTestNG.Demo3"/>
  <testcase name="test1" time="0.000" classname="WorkFlowTestNG.Demo3"/>
  <testcase name="test1" time="0.001" classname="WorkFlowTestNG.Demo3"/>
  <testcase name="test1" time="0.000" classname="WorkFlowTestNG.Demo3"/>
  <testcase name="test1" time="0.000" classname="WorkFlowTestNG.Demo3"/>
  <testcase name="test1" time="0.000" classname="WorkFlowTestNG.Demo3"/>
  <testcase name="test1" time="0.002" classname="WorkFlowTestNG.Demo3"/>
  <testcase name="test1" time="0.001" classname="WorkFlowTestNG.Demo3"/>
  <testcase name="test1" time="0.001" classname="WorkFlowTestNG.Demo3"/>
  <testcase name="test1" time="0.001" classname="WorkFlowTestNG.Demo3"/>
  <testcase name="test1" time="0.001" classname="WorkFlowTestNG.Demo3"/>
  <testcase name="test1" time="0.001" classname="WorkFlowTestNG.Demo3"/>
  <testcase name="test1" time="0.009" classname="WorkFlowTestNG.Demo3"/>
  <testcase name="test1" time="0.001" classname="WorkFlowTestNG.Demo3"/>
</testsuite> <!-- WorkFlowTestNG.Demo3 -->
