<?xml version="1.0" encoding="UTF-8"?>
<!-- Generated by org.testng.reporters.JUnitReportReporter -->
<testsuite hostname="Rashmi-PC" name="WorkFlowTestNG.Demo2" tests="1" failures="0" timestamp="14 Oct 2019 10:36:46 GMT" time="0.015" errors="0">
  <testcase name="test2" time="0.015" classname="WorkFlowTestNG.Demo2"/>
</testsuite> <!-- WorkFlowTestNG.Demo2 -->
